D:\Program Files\Visual Studio\Common7\IDE\VC\VCTargets\Microsoft.CppBuild.targets(391,5): warning MSB8028: The intermediate directory (Debug\) contains files shared from another project (CG-SpaceStation.vcxproj, Template_PrakCG.vcxproj).  This can lead to incorrect clean and rebuild behavior.
cl : Command line warning D9035: option 'Gm' has been deprecated and will be removed in a future release
  SpaceStation.cpp
c:\users\conrad\downloads\spacestationcg\spacestation.cpp(71): warning C4305: 'argument': truncation from 'double' to 'float'
c:\users\conrad\downloads\spacestationcg\spacestation.cpp(272): warning C4305: 'initializing': truncation from 'double' to 'float'
c:\users\conrad\downloads\spacestationcg\spacestation.cpp(273): warning C4305: 'initializing': truncation from 'double' to 'float'
c:\users\conrad\downloads\spacestationcg\spacestation.cpp(274): warning C4305: 'initializing': truncation from 'double' to 'float'
c:\users\conrad\downloads\spacestationcg\spacestation.cpp(287): warning C4305: 'argument': truncation from 'double' to 'GLfloat'
c:\users\conrad\downloads\spacestationcg\spacestation.cpp(321): warning C4305: 'argument': truncation from 'double' to 'GLfloat'
c:\users\conrad\downloads\spacestationcg\spacestation.cpp(332): warning C4305: 'argument': truncation from 'double' to 'GLfloat'
c:\users\conrad\downloads\spacestationcg\spacestation.cpp(333): warning C4244: 'argument': conversion from 'double' to 'GLfloat', possible loss of data
c:\users\conrad\downloads\spacestationcg\spacestation.cpp(335): warning C4244: 'argument': conversion from 'float' to 'GLint', possible loss of data
c:\users\conrad\downloads\spacestationcg\spacestation.cpp(369): warning C4244: 'argument': conversion from 'double' to 'GLfloat', possible loss of data
c:\users\conrad\downloads\spacestationcg\spacestation.cpp(376): warning C4244: 'argument': conversion from 'int' to 'GLfloat', possible loss of data
c:\users\conrad\downloads\spacestationcg\spacestation.cpp(396): warning C4305: 'argument': truncation from 'double' to 'GLfloat'
c:\users\conrad\downloads\spacestationcg\spacestation.cpp(397): warning C4244: 'argument': conversion from 'float' to 'GLint', possible loss of data
c:\users\conrad\downloads\spacestationcg\spacestation.cpp(421): warning C4244: 'argument': conversion from 'double' to 'GLfloat', possible loss of data
c:\users\conrad\downloads\spacestationcg\spacestation.cpp(433): warning C4305: 'argument': truncation from 'double' to 'GLfloat'
c:\users\conrad\downloads\spacestationcg\spacestation.cpp(453): warning C4244: 'argument': conversion from 'double' to 'GLfloat', possible loss of data
c:\users\conrad\downloads\spacestationcg\spacestation.cpp(470): warning C4305: 'argument': truncation from 'double' to 'GLfloat'
c:\users\conrad\downloads\spacestationcg\spacestation.cpp(471): warning C4244: 'argument': conversion from 'double' to 'GLfloat', possible loss of data
c:\users\conrad\downloads\spacestationcg\spacestation.cpp(480): warning C4244: 'argument': conversion from 'double' to 'float', possible loss of data
c:\users\conrad\downloads\spacestationcg\spacestation.cpp(488): warning C4244: 'argument': conversion from 'double' to 'float', possible loss of data
c:\users\conrad\downloads\spacestationcg\spacestation.cpp(494): warning C4305: 'argument': truncation from 'double' to 'GLfloat'
c:\users\conrad\downloads\spacestationcg\spacestation.cpp(495): warning C4244: 'argument': conversion from 'double' to 'GLfloat', possible loss of data
c:\users\conrad\downloads\spacestationcg\spacestation.cpp(497): warning C4244: 'argument': conversion from 'float' to 'GLint', possible loss of data
c:\users\conrad\downloads\spacestationcg\spacestation.cpp(501): warning C4244: 'argument': conversion from 'double' to 'float', possible loss of data
c:\users\conrad\downloads\spacestationcg\spacestation.cpp(502): warning C4244: 'argument': conversion from 'double' to 'float', possible loss of data
c:\users\conrad\downloads\spacestationcg\spacestation.cpp(512): warning C4305: 'argument': truncation from 'double' to 'GLfloat'
c:\users\conrad\downloads\spacestationcg\spacestation.cpp(524): warning C4244: 'argument': conversion from 'double' to 'float', possible loss of data
c:\users\conrad\downloads\spacestationcg\spacestation.cpp(525): warning C4244: 'argument': conversion from 'double' to 'float', possible loss of data
c:\users\conrad\downloads\spacestationcg\spacestation.cpp(536): warning C4244: 'argument': conversion from 'float' to 'GLint', possible loss of data
c:\users\conrad\downloads\spacestationcg\spacestation.cpp(539): warning C4244: 'argument': conversion from 'float' to 'GLint', possible loss of data
c:\users\conrad\downloads\spacestationcg\spacestation.cpp(608): warning C4244: 'argument': conversion from 'float' to 'GLint', possible loss of data
c:\users\conrad\downloads\spacestationcg\spacestation.cpp(658): warning C4305: 'argument': truncation from 'double' to 'float'
c:\users\conrad\downloads\spacestationcg\spacestation.cpp(659): warning C4305: 'argument': truncation from 'double' to 'float'
c:\users\conrad\downloads\spacestationcg\spacestation.cpp(660): warning C4305: 'argument': truncation from 'double' to 'float'
c:\users\conrad\downloads\spacestationcg\spacestation.cpp(661): warning C4305: 'argument': truncation from 'double' to 'float'
c:\users\conrad\downloads\spacestationcg\spacestation.cpp(678): warning C4244: '=': conversion from 'double' to 'float', possible loss of data
c:\users\conrad\downloads\spacestationcg\spacestation.cpp(679): warning C4244: '=': conversion from 'double' to 'float', possible loss of data
c:\users\conrad\downloads\spacestationcg\spacestation.cpp(682): warning C4244: '=': conversion from 'double' to 'float', possible loss of data
c:\users\conrad\downloads\spacestationcg\spacestation.cpp(683): warning C4244: '=': conversion from 'double' to 'float', possible loss of data
  Template_PrakCG.vcxproj -> C:\Users\Conrad\Downloads\SpaceStationCG\Debug\SpaceStation.exe
