  help.cpp
c:\users\conrad\downloads\prakcg_template_1\prakcg_template\help.cpp(113): warning C4996: 'sprintf': This function or variable may be unsafe. Consider using sprintf_s instead. To disable deprecation, use _CRT_SECURE_NO_WARNINGS. See online help for details.
  d:\windows kits\10\include\10.0.10240.0\ucrt\stdio.h(1769): note: see declaration of 'sprintf'
c:\users\conrad\downloads\prakcg_template_1\prakcg_template\help.cpp(214): warning C4305: 'argument': truncation from 'double' to 'GLfloat'
c:\users\conrad\downloads\prakcg_template_1\prakcg_template\help.cpp(215): warning C4305: 'argument': truncation from 'double' to 'GLfloat'
c:\users\conrad\downloads\prakcg_template_1\prakcg_template\help.cpp(223): warning C4305: 'argument': truncation from 'double' to 'GLfloat'
c:\users\conrad\downloads\prakcg_template_1\prakcg_template\help.cpp(224): warning C4305: 'argument': truncation from 'double' to 'GLfloat'
c:\users\conrad\downloads\prakcg_template_1\prakcg_template\help.cpp(233): warning C4305: 'argument': truncation from 'double' to 'GLfloat'
c:\users\conrad\downloads\prakcg_template_1\prakcg_template\help.cpp(234): warning C4305: 'argument': truncation from 'double' to 'GLfloat'
  input.cpp
  light.cpp
  Template_PrakCG.cpp
c:\users\conrad\downloads\prakcg_template_1\prakcg_template\template_prakcg.cpp(141): warning C4305: 'initializing': truncation from 'double' to 'float'
c:\users\conrad\downloads\prakcg_template_1\prakcg_template\template_prakcg.cpp(142): warning C4305: 'initializing': truncation from 'double' to 'float'
c:\users\conrad\downloads\prakcg_template_1\prakcg_template\template_prakcg.cpp(143): warning C4305: 'initializing': truncation from 'double' to 'float'
c:\users\conrad\downloads\prakcg_template_1\prakcg_template\template_prakcg.cpp(156): warning C4305: 'argument': truncation from 'double' to 'GLfloat'
  wavefront.cpp
c:\users\conrad\downloads\prakcg_template_1\prakcg_template\wavefront.cpp(29): warning C4244: 'initializing': conversion from 'double' to 'float', possible loss of data
c:\users\conrad\downloads\prakcg_template_1\prakcg_template\wavefront.cpp(67): warning C4305: '=': truncation from 'double' to 'float'
c:\users\conrad\downloads\prakcg_template_1\prakcg_template\wavefront.cpp(68): warning C4305: '=': truncation from 'double' to 'float'
c:\users\conrad\downloads\prakcg_template_1\prakcg_template\wavefront.cpp(69): warning C4305: '=': truncation from 'double' to 'float'
c:\users\conrad\downloads\prakcg_template_1\prakcg_template\wavefront.cpp(112): warning C4996: 'sscanf': This function or variable may be unsafe. Consider using sscanf_s instead. To disable deprecation, use _CRT_SECURE_NO_WARNINGS. See online help for details.
  d:\windows kits\10\include\10.0.10240.0\ucrt\stdio.h(2254): note: see declaration of 'sscanf'
c:\users\conrad\downloads\prakcg_template_1\prakcg_template\wavefront.cpp(129): warning C4996: 'sscanf': This function or variable may be unsafe. Consider using sscanf_s instead. To disable deprecation, use _CRT_SECURE_NO_WARNINGS. See online help for details.
  d:\windows kits\10\include\10.0.10240.0\ucrt\stdio.h(2254): note: see declaration of 'sscanf'
c:\users\conrad\downloads\prakcg_template_1\prakcg_template\wavefront.cpp(141): warning C4996: 'sscanf': This function or variable may be unsafe. Consider using sscanf_s instead. To disable deprecation, use _CRT_SECURE_NO_WARNINGS. See online help for details.
  d:\windows kits\10\include\10.0.10240.0\ucrt\stdio.h(2254): note: see declaration of 'sscanf'
c:\users\conrad\downloads\prakcg_template_1\prakcg_template\wavefront.cpp(162): warning C4996: 'fopen': This function or variable may be unsafe. Consider using fopen_s instead. To disable deprecation, use _CRT_SECURE_NO_WARNINGS. See online help for details.
  d:\windows kits\10\include\10.0.10240.0\ucrt\stdio.h(205): note: see declaration of 'fopen'
c:\users\conrad\downloads\prakcg_template_1\prakcg_template\wavefront.cpp(279): warning C4996: 'sscanf': This function or variable may be unsafe. Consider using sscanf_s instead. To disable deprecation, use _CRT_SECURE_NO_WARNINGS. See online help for details.
  d:\windows kits\10\include\10.0.10240.0\ucrt\stdio.h(2254): note: see declaration of 'sscanf'
c:\users\conrad\downloads\prakcg_template_1\prakcg_template\wavefront.cpp(291): warning C4996: 'sscanf': This function or variable may be unsafe. Consider using sscanf_s instead. To disable deprecation, use _CRT_SECURE_NO_WARNINGS. See online help for details.
  d:\windows kits\10\include\10.0.10240.0\ucrt\stdio.h(2254): note: see declaration of 'sscanf'
c:\users\conrad\downloads\prakcg_template_1\prakcg_template\wavefront.cpp(303): warning C4996: 'sscanf': This function or variable may be unsafe. Consider using sscanf_s instead. To disable deprecation, use _CRT_SECURE_NO_WARNINGS. See online help for details.
  d:\windows kits\10\include\10.0.10240.0\ucrt\stdio.h(2254): note: see declaration of 'sscanf'
  window.cpp
LINK : fatal error LNK1181: cannot open input file 'freeglut.lib'
